<?xml version="1.0" encoding="UTF-8"?>
<testsuites>
  <testsuite name="fastlane.lanes">
    
    
    
      
      <testcase classname="fastlane.lanes" name="0: Verifying required fastlane version" time="0.002214">
        
      </testcase>
    
      
      <testcase classname="fastlane.lanes" name="1: default_platform" time="0.001605">
        
      </testcase>
    
      
      <testcase classname="fastlane.lanes" name="2: gradle" time="96.749371">
        
      </testcase>
    
      
      <testcase classname="fastlane.lanes" name="3: crashlytics" time="5.873434">
        
          <failure message="/Users/lamyiucho/.fastlane/bin/bundle/lib/ruby/gems/2.2.0/gems/fastlane-2.59.0/fastlane/lib/fastlane/actions/actions_helper.rb:48:in `execute_action'&#10;/Users/lamyiucho/.fastlane/bin/bundle/lib/ruby/gems/2.2.0/gems/fastlane-2.59.0/fastlane/lib/fastlane/runner.rb:230:in `block in execute_action'&#10;/Users/lamyiucho/.fastlane/bin/bundle/lib/ruby/gems/2.2.0/gems/fastlane-2.59.0/fastlane/lib/fastlane/runner.rb:226:in `chdir'&#10;/Users/lamyiucho/.fastlane/bin/bundle/lib/ruby/gems/2.2.0/gems/fastlane-2.59.0/fastlane/lib/fastlane/runner.rb:226:in `execute_action'&#10;/Users/lamyiucho/.fastlane/bin/bundle/lib/ruby/gems/2.2.0/gems/fastlane-2.59.0/fastlane/lib/fastlane/runner.rb:148:in `trigger_action_by_name'&#10;/Users/lamyiucho/.fastlane/bin/bundle/lib/ruby/gems/2.2.0/gems/fastlane-2.59.0/fastlane/lib/fastlane/fast_file.rb:146:in `method_missing'&#10;Fastfile:21:in `block in parsing_binding'&#10;/Users/lamyiucho/.fastlane/bin/bundle/lib/ruby/gems/2.2.0/gems/fastlane-2.59.0/fastlane/lib/fastlane/lane.rb:33:in `call'&#10;/Users/lamyiucho/.fastlane/bin/bundle/lib/ruby/gems/2.2.0/gems/fastlane-2.59.0/fastlane/lib/fastlane/lane.rb:33:in `call'&#10;/Users/lamyiucho/.fastlane/bin/bundle/lib/ruby/gems/2.2.0/gems/fastlane-2.59.0/fastlane/lib/fastlane/runner.rb:49:in `block in execute'&#10;/Users/lamyiucho/.fastlane/bin/bundle/lib/ruby/gems/2.2.0/gems/fastlane-2.59.0/fastlane/lib/fastlane/runner.rb:45:in `chdir'&#10;/Users/lamyiucho/.fastlane/bin/bundle/lib/ruby/gems/2.2.0/gems/fastlane-2.59.0/fastlane/lib/fastlane/runner.rb:45:in `execute'&#10;/Users/lamyiucho/.fastlane/bin/bundle/lib/ruby/gems/2.2.0/gems/fastlane-2.59.0/fastlane/lib/fastlane/lane_manager.rb:52:in `cruise_lane'&#10;/Users/lamyiucho/.fastlane/bin/bundle/lib/ruby/gems/2.2.0/gems/fastlane-2.59.0/fastlane/lib/fastlane/command_line_handler.rb:30:in `handle'&#10;/Users/lamyiucho/.fastlane/bin/bundle/lib/ruby/gems/2.2.0/gems/fastlane-2.59.0/fastlane/lib/fastlane/commands_generator.rb:104:in `block (2 levels) in run'&#10;/Users/lamyiucho/.fastlane/bin/bundle/lib/ruby/gems/2.2.0/gems/commander-fastlane-4.4.5/lib/commander/command.rb:178:in `call'&#10;/Users/lamyiucho/.fastlane/bin/bundle/lib/ruby/gems/2.2.0/gems/commander-fastlane-4.4.5/lib/commander/command.rb:178:in `call'&#10;/Users/lamyiucho/.fastlane/bin/bundle/lib/ruby/gems/2.2.0/gems/commander-fastlane-4.4.5/lib/commander/command.rb:153:in `run'&#10;/Users/lamyiucho/.fastlane/bin/bundle/lib/ruby/gems/2.2.0/gems/commander-fastlane-4.4.5/lib/commander/runner.rb:476:in `run_active_command'&#10;/Users/lamyiucho/.fastlane/bin/bundle/lib/ruby/gems/2.2.0/gems/fastlane-2.59.0/fastlane_core/lib/fastlane_core/ui/fastlane_runner.rb:64:in `run!'&#10;/Users/lamyiucho/.fastlane/bin/bundle/lib/ruby/gems/2.2.0/gems/commander-fastlane-4.4.5/lib/commander/delegates.rb:15:in `run!'&#10;/Users/lamyiucho/.fastlane/bin/bundle/lib/ruby/gems/2.2.0/gems/fastlane-2.59.0/fastlane/lib/fastlane/commands_generator.rb:303:in `run'&#10;/Users/lamyiucho/.fastlane/bin/bundle/lib/ruby/gems/2.2.0/gems/fastlane-2.59.0/fastlane/lib/fastlane/commands_generator.rb:42:in `start'&#10;/Users/lamyiucho/.fastlane/bin/bundle/lib/ruby/gems/2.2.0/gems/fastlane-2.59.0/fastlane/lib/fastlane/cli_tools_distributor.rb:66:in `take_off'&#10;/Users/lamyiucho/.fastlane/bin/bundle/lib/ruby/gems/2.2.0/gems/fastlane-2.59.0/bin/fastlane:20:in `&lt;top (required)&gt;'&#10;/Users/lamyiucho/.fastlane/bin/bundle/bin/fastlane:22:in `load'&#10;/Users/lamyiucho/.fastlane/bin/bundle/bin/fastlane:22:in `&lt;main&gt;'&#10;&#10; WARN - Crashlytics halted compilation because it can't distribute the unsigned APK: /Users/lamyiucho/AndroidStudioProjects/Konsapo/app/build/outputs/apk/app-release-unsigned.apk&#10;Exception in thread &quot;main&quot; com.crashlytics.tools.android.exception.PluginException: Distribution upload failed.&#10;	at com.crashlytics.tools.android.DeveloperTools.processProperties(DeveloperTools.java:667)&#10;	at com.crashlytics.tools.android.DeveloperTools.processArgsInternal(DeveloperTools.java:348)&#10;	at com.crashlytics.tools.android.DeveloperTools.main(DeveloperTools.java:273)&#10;Caused by: com.crashlytics.tools.android.exception.DistributionException: Crashlytics halted compilation because it can't distribute the unsigned APK: /Users/lamyiucho/AndroidStudioProjects/Konsapo/app/build/outputs/apk/app-release-unsigned.apk&#10;	at com.crashlytics.tools.android.DistributionTasks.uploadDistribution(DistributionTasks.java:57)&#10;	at com.crashlytics.tools.android.DeveloperTools.processProperties(DeveloperTools.java:665)&#10;	... 2 more&#10;" />
        
      </testcase>
    
  </testsuite>
</testsuites>
